<?xml version="1.0" encoding="UTF-8"?>
<!-- Generated by org.testng.reporters.JUnitXMLReporter -->
<testsuite hostname="P4A-508SD4B" name="Test" tests="2" failures="1" timestamp="25 Jul 2018 03:44:00 GMT" time="1.264" errors="0">
  <testcase name="LoginInvalid" time="0.063" classname="com.accenture.test.LoginTest">
    <failure type="java.lang.AssertionError" message="expected [Tested] but found [Tested123]">
      <![CDATA[java.lang.AssertionError: expected [Tested] but found [Tested123]
	at com.accenture.test.LoginTest.LoginInvalid(LoginTest.java:18)
... Removed 29 stack frames]]>
    </failure>
  </testcase> <!-- LoginInvalid -->
  <testcase name="LoginValid" time="0.0" classname="com.accenture.test.LoginTest"/>
</testsuite> <!-- Test -->
